11:23:44 INFO  : Registering command handlers for SDK TCF services
11:23:45 INFO  : Launching XSCT server: xsct.bat -interactive C:\Users\Nathan\Desktop\cs152b\cs152b\lab3\lab3.sdk\temp_xsdb_launch_script.tcl
11:23:48 INFO  : XSCT server has started successfully.
11:23:52 INFO  : Successfully done setting XSCT server connection channel  
11:23:52 INFO  : Successfully done setting SDK workspace  
11:23:52 INFO  : Processing command line option -hwspec C:/Users/Nathan/Desktop/cs152b/cs152b/lab3/lab3.sdk/part1_hello_world_wrapper.hdf.
11:31:56 INFO  : Connected to target on host '127.0.0.1' and port '3121'.
11:33:10 INFO  : Connected to target on host '127.0.0.1' and port '3121'.
11:33:10 INFO  : 'targets -set -filter {jtag_cable_name =~ "Digilent Basys3 210183B82211A" && level==0} -index 0' command is executed.
11:33:12 INFO  : FPGA configured successfully with bitstream "C:/Users/Nathan/Desktop/cs152b/cs152b/lab3/lab3.sdk/part1_hello_world_wrapper_hw_platform_0/download.bit"
11:33:35 INFO  : 'targets -set -filter {jtag_cable_name =~ "Digilent Basys3 210183B82211A" && level==0} -index 0' command is executed.
11:33:35 INFO  : 'fpga -state' command is executed.
11:33:35 INFO  : Connected to target on host '127.0.0.1' and port '3121'.
11:33:35 INFO  : Jtag cable 'Digilent Basys3 210183B82211A' is selected.
11:33:35 INFO  : 'jtag frequency' command is executed.
11:33:35 INFO  : 'configparams mdm-detect-bscan-mask 2' command is executed.
11:33:35 INFO  : Context for processor 'microblaze_0' is selected.
11:33:35 INFO  : Processor reset is completed for 'microblaze_0'.
11:33:35 INFO  : Context for processor 'microblaze_0' is selected.
11:33:35 INFO  : The application 'C:/Users/Nathan/Desktop/cs152b/cs152b/lab3/lab3.sdk/lab3/Debug/lab3.elf' is downloaded to processor 'microblaze_0'.
11:33:35 INFO  : ----------------XSDB Script----------------
connect -url tcp:127.0.0.1:3121
configparams mdm-detect-bscan-mask 2
targets -set -nocase -filter {name =~ "microblaze*#0" && bscan=="USER2"  && jtag_cable_name =~ "Digilent Basys3 210183B82211A"} -index 0
rst -processor
targets -set -nocase -filter {name =~ "microblaze*#0" && bscan=="USER2"  && jtag_cable_name =~ "Digilent Basys3 210183B82211A"} -index 0
dow C:/Users/Nathan/Desktop/cs152b/cs152b/lab3/lab3.sdk/lab3/Debug/lab3.elf
----------------End of Script----------------

11:33:35 INFO  : Memory regions updated for context MicroBlaze #0
11:33:35 INFO  : Memory regions updated for context MicroBlaze #0
11:33:35 INFO  : Context for processor 'microblaze_0' is selected.
11:33:35 INFO  : 'con' command is executed.
11:33:35 INFO  : ----------------XSDB Script (After Launch)----------------
targets -set -nocase -filter {name =~ "microblaze*#0" && bscan=="USER2"  && jtag_cable_name =~ "Digilent Basys3 210183B82211A"} -index 0
con
----------------End of Script----------------

11:33:35 INFO  : Launch script is exported to file 'C:\Users\Nathan\Desktop\cs152b\cs152b\lab3\lab3.sdk\.sdk\launch_scripts\xilinx_c-c++_application_(system_debugger)\system_debugger_using_debug_lab3.elf_on_local.tcl'
11:39:27 INFO  : Disconnected from the channel tcfchan#1.
11:39:28 INFO  : 'targets -set -filter {jtag_cable_name =~ "Digilent Basys3 210183B82211A" && level==0} -index 0' command is executed.
11:39:28 INFO  : 'fpga -state' command is executed.
11:39:28 INFO  : Connected to target on host '127.0.0.1' and port '3121'.
11:39:28 INFO  : Jtag cable 'Digilent Basys3 210183B82211A' is selected.
11:39:28 INFO  : 'jtag frequency' command is executed.
11:39:28 INFO  : 'configparams mdm-detect-bscan-mask 2' command is executed.
11:39:28 INFO  : Context for processor 'microblaze_0' is selected.
11:39:28 INFO  : Processor reset is completed for 'microblaze_0'.
11:39:28 INFO  : Context for processor 'microblaze_0' is selected.
11:39:28 INFO  : The application 'C:/Users/Nathan/Desktop/cs152b/cs152b/lab3/lab3.sdk/lab3/Debug/lab3.elf' is downloaded to processor 'microblaze_0'.
11:39:28 INFO  : ----------------XSDB Script----------------
connect -url tcp:127.0.0.1:3121
configparams mdm-detect-bscan-mask 2
targets -set -nocase -filter {name =~ "microblaze*#0" && bscan=="USER2"  && jtag_cable_name =~ "Digilent Basys3 210183B82211A"} -index 0
rst -processor
targets -set -nocase -filter {name =~ "microblaze*#0" && bscan=="USER2"  && jtag_cable_name =~ "Digilent Basys3 210183B82211A"} -index 0
dow C:/Users/Nathan/Desktop/cs152b/cs152b/lab3/lab3.sdk/lab3/Debug/lab3.elf
----------------End of Script----------------

11:39:28 INFO  : Memory regions updated for context MicroBlaze #0
11:39:28 INFO  : Memory regions updated for context MicroBlaze #0
11:39:28 INFO  : Context for processor 'microblaze_0' is selected.
11:39:28 INFO  : 'con' command is executed.
11:39:28 INFO  : ----------------XSDB Script (After Launch)----------------
targets -set -nocase -filter {name =~ "microblaze*#0" && bscan=="USER2"  && jtag_cable_name =~ "Digilent Basys3 210183B82211A"} -index 0
con
----------------End of Script----------------

11:39:28 INFO  : Launch script is exported to file 'C:\Users\Nathan\Desktop\cs152b\cs152b\lab3\lab3.sdk\.sdk\launch_scripts\xilinx_c-c++_application_(system_debugger)\system_debugger_using_debug_lab3.elf_on_local.tcl'
11:42:14 INFO  : Disconnected from the channel tcfchan#2.
11:42:15 INFO  : 'targets -set -filter {jtag_cable_name =~ "Digilent Basys3 210183B82211A" && level==0} -index 0' command is executed.
11:42:15 INFO  : 'fpga -state' command is executed.
11:42:15 INFO  : Connected to target on host '127.0.0.1' and port '3121'.
11:42:15 INFO  : Jtag cable 'Digilent Basys3 210183B82211A' is selected.
11:42:15 INFO  : 'jtag frequency' command is executed.
11:42:15 INFO  : 'configparams mdm-detect-bscan-mask 2' command is executed.
11:42:15 INFO  : Context for processor 'microblaze_0' is selected.
11:42:15 INFO  : Processor reset is completed for 'microblaze_0'.
11:42:15 INFO  : Context for processor 'microblaze_0' is selected.
11:42:15 INFO  : The application 'C:/Users/Nathan/Desktop/cs152b/cs152b/lab3/lab3.sdk/lab3/Debug/lab3.elf' is downloaded to processor 'microblaze_0'.
11:42:15 INFO  : ----------------XSDB Script----------------
connect -url tcp:127.0.0.1:3121
configparams mdm-detect-bscan-mask 2
targets -set -nocase -filter {name =~ "microblaze*#0" && bscan=="USER2"  && jtag_cable_name =~ "Digilent Basys3 210183B82211A"} -index 0
rst -processor
targets -set -nocase -filter {name =~ "microblaze*#0" && bscan=="USER2"  && jtag_cable_name =~ "Digilent Basys3 210183B82211A"} -index 0
dow C:/Users/Nathan/Desktop/cs152b/cs152b/lab3/lab3.sdk/lab3/Debug/lab3.elf
----------------End of Script----------------

11:42:16 INFO  : Memory regions updated for context MicroBlaze #0
11:42:16 INFO  : Memory regions updated for context MicroBlaze #0
11:42:16 INFO  : Context for processor 'microblaze_0' is selected.
11:42:16 INFO  : 'con' command is executed.
11:42:16 INFO  : ----------------XSDB Script (After Launch)----------------
targets -set -nocase -filter {name =~ "microblaze*#0" && bscan=="USER2"  && jtag_cable_name =~ "Digilent Basys3 210183B82211A"} -index 0
con
----------------End of Script----------------

11:42:16 INFO  : Launch script is exported to file 'C:\Users\Nathan\Desktop\cs152b\cs152b\lab3\lab3.sdk\.sdk\launch_scripts\xilinx_c-c++_application_(system_debugger)\system_debugger_using_debug_lab3.elf_on_local.tcl'
11:42:31 INFO  : Disconnected from the channel tcfchan#3.
11:42:32 INFO  : 'targets -set -filter {jtag_cable_name =~ "Digilent Basys3 210183B82211A" && level==0} -index 0' command is executed.
11:42:32 INFO  : 'fpga -state' command is executed.
11:42:32 INFO  : Connected to target on host '127.0.0.1' and port '3121'.
11:42:32 INFO  : Jtag cable 'Digilent Basys3 210183B82211A' is selected.
11:42:32 INFO  : 'jtag frequency' command is executed.
11:42:32 INFO  : 'configparams mdm-detect-bscan-mask 2' command is executed.
11:42:32 INFO  : Context for processor 'microblaze_0' is selected.
11:42:32 INFO  : Processor reset is completed for 'microblaze_0'.
11:42:32 INFO  : Context for processor 'microblaze_0' is selected.
11:42:32 INFO  : The application 'C:/Users/Nathan/Desktop/cs152b/cs152b/lab3/lab3.sdk/lab3/Debug/lab3.elf' is downloaded to processor 'microblaze_0'.
11:42:32 INFO  : ----------------XSDB Script----------------
connect -url tcp:127.0.0.1:3121
configparams mdm-detect-bscan-mask 2
targets -set -nocase -filter {name =~ "microblaze*#0" && bscan=="USER2"  && jtag_cable_name =~ "Digilent Basys3 210183B82211A"} -index 0
rst -processor
targets -set -nocase -filter {name =~ "microblaze*#0" && bscan=="USER2"  && jtag_cable_name =~ "Digilent Basys3 210183B82211A"} -index 0
dow C:/Users/Nathan/Desktop/cs152b/cs152b/lab3/lab3.sdk/lab3/Debug/lab3.elf
----------------End of Script----------------

11:42:32 INFO  : Memory regions updated for context MicroBlaze #0
11:42:32 INFO  : Memory regions updated for context MicroBlaze #0
11:42:32 INFO  : Context for processor 'microblaze_0' is selected.
11:42:32 INFO  : 'con' command is executed.
11:42:32 INFO  : ----------------XSDB Script (After Launch)----------------
targets -set -nocase -filter {name =~ "microblaze*#0" && bscan=="USER2"  && jtag_cable_name =~ "Digilent Basys3 210183B82211A"} -index 0
con
----------------End of Script----------------

11:42:32 INFO  : Launch script is exported to file 'C:\Users\Nathan\Desktop\cs152b\cs152b\lab3\lab3.sdk\.sdk\launch_scripts\xilinx_c-c++_application_(system_debugger)\system_debugger_using_debug_lab3.elf_on_local.tcl'
11:48:34 INFO  : Disconnected from the channel tcfchan#4.
