Copyright 1986-2018 Xilinx, Inc. All Rights Reserved.
--------------------------------------------------------------------------------------------------------------------------------------------------
| Tool Version : Vivado v.2018.2.2 (win64) Build 2348494 Mon Oct  1 18:25:44 MDT 2018
| Date         : Mon Apr 27 20:01:58 2026
| Host         : LAPTOP-F29JKP8H running 64-bit major release  (build 9200)
| Command      : report_methodology -file UART_methodology_drc_routed.rpt -pb UART_methodology_drc_routed.pb -rpx UART_methodology_drc_routed.rpx
| Design       : UART
| Device       : xc7a35tcpg236-1
| Speed File   : -1
| Design State : Routed
--------------------------------------------------------------------------------------------------------------------------------------------------

Report Methodology

Table of Contents
-----------------
1. REPORT SUMMARY
2. REPORT DETAILS

1. REPORT SUMMARY
-----------------
            Netlist: netlist
          Floorplan: design_1
      Design limits: <entire design considered>
             Max violations: <unlimited>
             Violations found: 24
+-----------+----------+-------------------------------+------------+
| Rule      | Severity | Description                   | Violations |
+-----------+----------+-------------------------------+------------+
| TIMING-17 | Warning  | Non-clocked sequential cell   | 23         |
| TIMING-18 | Warning  | Missing input or output delay | 1          |
+-----------+----------+-------------------------------+------------+

2. REPORT DETAILS
-----------------
TIMING-17#1 Warning
Non-clocked sequential cell  
The clock pin rx/FSM_sequential_states_reg[0]/C is not reached by a timing clock
Related violations: <none>

TIMING-17#2 Warning
Non-clocked sequential cell  
The clock pin rx/FSM_sequential_states_reg[1]/C is not reached by a timing clock
Related violations: <none>

TIMING-17#3 Warning
Non-clocked sequential cell  
The clock pin rx/FSM_sequential_states_reg[2]/C is not reached by a timing clock
Related violations: <none>

TIMING-17#4 Warning
Non-clocked sequential cell  
The clock pin rx/FSM_sequential_states_reg[3]/C is not reached by a timing clock
Related violations: <none>

TIMING-17#5 Warning
Non-clocked sequential cell  
The clock pin rx/data_reg[0]/C is not reached by a timing clock
Related violations: <none>

TIMING-17#6 Warning
Non-clocked sequential cell  
The clock pin rx/data_reg[1]/C is not reached by a timing clock
Related violations: <none>

TIMING-17#7 Warning
Non-clocked sequential cell  
The clock pin rx/data_reg[2]/C is not reached by a timing clock
Related violations: <none>

TIMING-17#8 Warning
Non-clocked sequential cell  
The clock pin rx/data_reg[3]/C is not reached by a timing clock
Related violations: <none>

TIMING-17#9 Warning
Non-clocked sequential cell  
The clock pin rx/data_reg[4]/C is not reached by a timing clock
Related violations: <none>

TIMING-17#10 Warning
Non-clocked sequential cell  
The clock pin rx/data_reg[5]/C is not reached by a timing clock
Related violations: <none>

TIMING-17#11 Warning
Non-clocked sequential cell  
The clock pin rx/data_reg[6]/C is not reached by a timing clock
Related violations: <none>

TIMING-17#12 Warning
Non-clocked sequential cell  
The clock pin rx/data_reg[7]/C is not reached by a timing clock
Related violations: <none>

TIMING-17#13 Warning
Non-clocked sequential cell  
The clock pin tx/FSM_onehot_states_reg[0]/C is not reached by a timing clock
Related violations: <none>

TIMING-17#14 Warning
Non-clocked sequential cell  
The clock pin tx/FSM_onehot_states_reg[1]/C is not reached by a timing clock
Related violations: <none>

TIMING-17#15 Warning
Non-clocked sequential cell  
The clock pin tx/FSM_onehot_states_reg[2]/C is not reached by a timing clock
Related violations: <none>

TIMING-17#16 Warning
Non-clocked sequential cell  
The clock pin tx/FSM_onehot_states_reg[3]/C is not reached by a timing clock
Related violations: <none>

TIMING-17#17 Warning
Non-clocked sequential cell  
The clock pin tx/FSM_onehot_states_reg[4]/C is not reached by a timing clock
Related violations: <none>

TIMING-17#18 Warning
Non-clocked sequential cell  
The clock pin tx/FSM_onehot_states_reg[5]/C is not reached by a timing clock
Related violations: <none>

TIMING-17#19 Warning
Non-clocked sequential cell  
The clock pin tx/FSM_onehot_states_reg[6]/C is not reached by a timing clock
Related violations: <none>

TIMING-17#20 Warning
Non-clocked sequential cell  
The clock pin tx/FSM_onehot_states_reg[7]/C is not reached by a timing clock
Related violations: <none>

TIMING-17#21 Warning
Non-clocked sequential cell  
The clock pin tx/FSM_onehot_states_reg[8]/C is not reached by a timing clock
Related violations: <none>

TIMING-17#22 Warning
Non-clocked sequential cell  
The clock pin tx/FSM_onehot_states_reg[9]/C is not reached by a timing clock
Related violations: <none>

TIMING-17#23 Warning
Non-clocked sequential cell  
The clock pin tx/tx_line_val_reg/C is not reached by a timing clock
Related violations: <none>

TIMING-18#1 Warning
Missing input or output delay  
An input delay is missing on btnR relative to clock(s) sys_clk_pin
Related violations: <none>


